<?xml version="1.0" encoding="UTF-8"?>
<testsuite xmlns:xsi="http://www.w3.org/2001/XMLSchema-instance" xsi:noNamespaceSchemaLocation="https://maven.apache.org/surefire/maven-surefire-plugin/xsd/surefire-test-report.xsd" name="TestSuite" time="711.844" tests="16" errors="0" skipped="6" failures="2">
  <properties>
[...]
</properties>
  <testcase name="validateFillPassengerDetails" classname="com.spicejet.qa.testcases.BookingPageTest" time="109.066"/>
  <testcase name="validateFillPassengerDetails" classname="com.spicejet.qa.testcases.BookingPageTest" time="110.366"/>
  <testcase name="validateFillPassengerDetails" classname="com.spicejet.qa.testcases.BookingPageTest" time="40.809">
    <failure message="no such element: Unable to locate element: {&quot;method&quot;:&quot;link text&quot;,&quot;selector&quot;:&quot;31&quot;}&#10;  (Session info: chrome=89.0.4389.90)&#10;For documentation on this error, please visit: https://www.seleniumhq.org/exceptions/no_such_element.html&#10;Build info: version: &apos;3.141.59&apos;, revision: &apos;e82be7d358&apos;, time: &apos;2018-11-14T08:17:03&apos;&#10;System info: host: &apos;LAPTOP-CHVA6T2O&apos;, ip: &apos;192.168.56.1&apos;, os.name: &apos;Windows 10&apos;, os.arch: &apos;amd64&apos;, os.version: &apos;10.0&apos;, java.version: &apos;1.8.0_181&apos;&#10;Driver info: org.openqa.selenium.chrome.ChromeDriver&#10;Capabilities {acceptInsecureCerts: false, browserName: chrome, browserVersion: 89.0.4389.90, chrome: {chromedriverVersion: 88.0.4324.96 (68dba2d8a0b14..., userDataDir: C:\Users\Vinay\AppData\Loca...}, goog:chromeOptions: {debuggerAddress: localhost:1097}, javascriptEnabled: true, networkConnectionEnabled: false, pageLoadStrategy: normal, platform: WINDOWS, platformName: WINDOWS, proxy: Proxy(), setWindowRect: true, strictFileInteractability: false, timeouts: {implicit: 0, pageLoad: 300000, script: 30000}, unhandledPromptBehavior: dismiss and notify, webauthn:extension:largeBlob: true, webauthn:virtualAuthenticators: true}&#10;Session ID: c4b710667c3e57815b4029e5310063aa&#10;*** Element info: {Using=link text, value=31}" type="org.openqa.selenium.NoSuchElementException">org.openqa.selenium.NoSuchElementException: 
no such element: Unable to locate element: {"method":"link text","selector":"31"}
  (Session info: chrome=89.0.4389.90)
For documentation on this error, please visit: https://www.seleniumhq.org/exceptions/no_such_element.html
Build info: version: '3.141.59', revision: 'e82be7d358', time: '2018-11-14T08:17:03'
System info: host: 'LAPTOP-CHVA6T2O', ip: '192.168.56.1', os.name: 'Windows 10', os.arch: 'amd64', os.version: '10.0', java.version: '1.8.0_181'
Driver info: org.openqa.selenium.chrome.ChromeDriver
Capabilities {acceptInsecureCerts: false, browserName: chrome, browserVersion: 89.0.4389.90, chrome: {chromedriverVersion: 88.0.4324.96 (68dba2d8a0b14..., userDataDir: C:\Users\Vinay\AppData\Loca...}, goog:chromeOptions: {debuggerAddress: localhost:1097}, javascriptEnabled: true, networkConnectionEnabled: false, pageLoadStrategy: normal, platform: WINDOWS, platformName: WINDOWS, proxy: Proxy(), setWindowRect: true, strictFileInteractability: false, timeouts: {implicit: 0, pageLoad: 300000, script: 30000}, unhandledPromptBehavior: dismiss and notify, webauthn:extension:largeBlob: true, webauthn:virtualAuthenticators: true}
Session ID: c4b710667c3e57815b4029e5310063aa
*** Element info: {Using=link text, value=31}
	at com.spicejet.qa.testcases.BookingPageTest.validateFillPassengerDetails(BookingPageTest.java:67)
</failure>
    <system-out><![CDATA[In CHROME 1
Before navigating to: 'https://book.spicejet.com/Login.aspx'
Navigated to:'https://book.spicejet.com/Login.aspx'
Trying to find Element By : By.xpath: //input[@placeholder='Mobile Number']
Found Element By : By.xpath: //input[@placeholder='Mobile Number']
Trying to find Element By : By.xpath: //input[@type='password']
Found Element By : By.xpath: //input[@type='password']
Trying to find Element By : By.xpath: //input[@type='submit']
Found Element By : By.xpath: //input[@type='submit']
Trying to click on: [[ChromeDriver: chrome on WINDOWS (c4b710667c3e57815b4029e5310063aa)] -> xpath: //input[@type='submit']]
Clicked on: [[ChromeDriver: chrome on WINDOWS (c4b710667c3e57815b4029e5310063aa)] -> xpath: //input[@type='submit']]
Trying to find Element By : By.xpath: //a[contains(text(),'DEALS')]
Found Element By : By.xpath: //a[contains(text(),'DEALS')]
Trying to click on: [[ChromeDriver: chrome on WINDOWS (c4b710667c3e57815b4029e5310063aa)] -> xpath: //a[contains(text(),'DEALS')]]
Clicked on: [[ChromeDriver: chrome on WINDOWS (c4b710667c3e57815b4029e5310063aa)] -> xpath: //a[contains(text(),'DEALS')]]
TABS : [CDwindow-F910AB81B9DC39C230FB3A6F4DF9E14E, CDwindow-B67FB1DF059BD31D2B5D2C2A1B2C85E2]
Trying to find Element By : By.id: proceed-button
Found Element By : By.id: proceed-button
Trying to click on: [[ChromeDriver: chrome on WINDOWS (c4b710667c3e57815b4029e5310063aa)] -> id: proceed-button]
Clicked on: [[ChromeDriver: chrome on WINDOWS (c4b710667c3e57815b4029e5310063aa)] -> id: proceed-button]
Trying to find Element By : By.xpath: //span[contains(text(),'Mobikwi')]//following-sibling::div//child::span[@class='deal-promo-label']//following-sibling::span[contains(text(),'Copy')]
Found Element By : By.xpath: //span[contains(text(),'Mobikwi')]//following-sibling::div//child::span[@class='deal-promo-label']//following-sibling::span[contains(text(),'Copy')]
Trying to click on: [[ChromeDriver: chrome on WINDOWS (c4b710667c3e57815b4029e5310063aa)] -> xpath: //span[contains(text(),'Mobikwi')]//following-sibling::div//child::span[@class='deal-promo-label']//following-sibling::span[contains(text(),'Copy')]]
Clicked on: [[ChromeDriver: chrome on WINDOWS (c4b710667c3e57815b4029e5310063aa)] -> xpath: //span[contains(text(),'Mobikwi')]//following-sibling::div//child::span[@class='deal-promo-label']//following-sibling::span[contains(text(),'Copy')]]
Trying to find Element By : By.xpath: //*[@id='ctl00_mainContent_ddl_originStation1_CTXT']
Found Element By : By.xpath: //*[@id='ctl00_mainContent_ddl_originStation1_CTXT']
Trying to click on: [[ChromeDriver: chrome on WINDOWS (c4b710667c3e57815b4029e5310063aa)] -> xpath: //*[@id='ctl00_mainContent_ddl_originStation1_CTXT']]
Clicked on: [[ChromeDriver: chrome on WINDOWS (c4b710667c3e57815b4029e5310063aa)] -> xpath: //*[@id='ctl00_mainContent_ddl_originStation1_CTXT']]
Trying to find Element By : By.xpath: //a[text()=' Bengaluru (BLR)']
Found Element By : By.xpath: //a[text()=' Bengaluru (BLR)']
Trying to click on: [[ChromeDriver: chrome on WINDOWS (c4b710667c3e57815b4029e5310063aa)] -> xpath: //a[text()=' Bengaluru (BLR)']]
Clicked on: [[ChromeDriver: chrome on WINDOWS (c4b710667c3e57815b4029e5310063aa)] -> xpath: //a[text()=' Bengaluru (BLR)']]
Trying to find Element By : By.xpath: //a[text()=' Delhi (DEL)']
Found Element By : By.xpath: //a[text()=' Delhi (DEL)']
Trying to click on: [[ChromeDriver: chrome on WINDOWS (c4b710667c3e57815b4029e5310063aa)] -> xpath: //a[text()=' Delhi (DEL)']]
Clicked on: [[ChromeDriver: chrome on WINDOWS (c4b710667c3e57815b4029e5310063aa)] -> xpath: //a[text()=' Delhi (DEL)']]
Trying to find Element By : By.linkText: 31
Exception occured: org.openqa.selenium.NoSuchElementException: no such element: Unable to locate element: {"method":"link text","selector":"31"}
  (Session info: chrome=89.0.4389.90)
For documentation on this error, please visit: https://www.seleniumhq.org/exceptions/no_such_element.html
Build info: version: '3.141.59', revision: 'e82be7d358', time: '2018-11-14T08:17:03'
System info: host: 'LAPTOP-CHVA6T2O', ip: '192.168.56.1', os.name: 'Windows 10', os.arch: 'amd64', os.version: '10.0', java.version: '1.8.0_181'
Driver info: org.openqa.selenium.chrome.ChromeDriver
Capabilities {acceptInsecureCerts: false, browserName: chrome, browserVersion: 89.0.4389.90, chrome: {chromedriverVersion: 88.0.4324.96 (68dba2d8a0b14..., userDataDir: C:\Users\Vinay\AppData\Loca...}, goog:chromeOptions: {debuggerAddress: localhost:1097}, javascriptEnabled: true, networkConnectionEnabled: false, pageLoadStrategy: normal, platform: WINDOWS, platformName: WINDOWS, proxy: Proxy(), setWindowRect: true, strictFileInteractability: false, timeouts: {implicit: 0, pageLoad: 300000, script: 30000}, unhandledPromptBehavior: dismiss and notify, webauthn:extension:largeBlob: true, webauthn:virtualAuthenticators: true}
Session ID: c4b710667c3e57815b4029e5310063aa
*** Element info: {Using=link text, value=31}
]]></system-out>
    <system-err><![CDATA[Starting ChromeDriver 88.0.4324.96 (68dba2d8a0b149a1d3afac56fa74648032bcf46b-refs/branch-heads/4324@{#1784}) on port 41748
Only local connections are allowed.
Please see https://chromedriver.chromium.org/security-considerations for suggestions on keeping ChromeDriver safe.
ChromeDriver was started successfully.
[1616774894.806][WARNING]: This version of ChromeDriver has not been tested with Chrome version 89.
Mar 26, 2021 9:38:14 PM org.openqa.selenium.remote.ProtocolHandshake createSession
INFO: Detected dialect: W3C
]]></system-err>
  </testcase>
  <testcase name="validateFillPassengerDetails" classname="com.spicejet.qa.testcases.BookingPageTest" time="0">
    <skipped message="no such element: Unable to locate element: {&quot;method&quot;:&quot;xpath&quot;,&quot;selector&quot;:&quot;//a[contains(text(),&apos;DEALS&apos;)]&quot;}&#10;  (Session info: chrome=89.0.4389.90)&#10;For documentation on this error, please visit: https://www.seleniumhq.org/exceptions/no_such_element.html&#10;Build info: version: &apos;3.141.59&apos;, revision: &apos;e82be7d358&apos;, time: &apos;2018-11-14T08:17:03&apos;&#10;System info: host: &apos;LAPTOP-CHVA6T2O&apos;, ip: &apos;192.168.56.1&apos;, os.name: &apos;Windows 10&apos;, os.arch: &apos;amd64&apos;, os.version: &apos;10.0&apos;, java.version: &apos;1.8.0_181&apos;&#10;Driver info: org.openqa.selenium.chrome.ChromeDriver&#10;Capabilities {acceptInsecureCerts: false, browserName: chrome, browserVersion: 89.0.4389.90, chrome: {chromedriverVersion: 88.0.4324.96 (68dba2d8a0b14..., userDataDir: C:\Users\Vinay\AppData\Loca...}, goog:chromeOptions: {debuggerAddress: localhost:1159}, javascriptEnabled: true, networkConnectionEnabled: false, pageLoadStrategy: normal, platform: WINDOWS, platformName: WINDOWS, proxy: Proxy(), setWindowRect: true, strictFileInteractability: false, timeouts: {implicit: 0, pageLoad: 300000, script: 30000}, unhandledPromptBehavior: dismiss and notify, webauthn:extension:largeBlob: true, webauthn:virtualAuthenticators: true}&#10;Session ID: 94ec684e3288c53a3d0adf526a779efe&#10;*** Element info: {Using=xpath, value=//a[contains(text(),&apos;DEALS&apos;)]}"/>
  </testcase>
  <testcase name="setUp" classname="com.spicejet.qa.testcases.BookingPageTest" time="101.138">
    <failure message="no such element: Unable to locate element: {&quot;method&quot;:&quot;xpath&quot;,&quot;selector&quot;:&quot;//a[contains(text(),&apos;DEALS&apos;)]&quot;}&#10;  (Session info: chrome=89.0.4389.90)&#10;For documentation on this error, please visit: https://www.seleniumhq.org/exceptions/no_such_element.html&#10;Build info: version: &apos;3.141.59&apos;, revision: &apos;e82be7d358&apos;, time: &apos;2018-11-14T08:17:03&apos;&#10;System info: host: &apos;LAPTOP-CHVA6T2O&apos;, ip: &apos;192.168.56.1&apos;, os.name: &apos;Windows 10&apos;, os.arch: &apos;amd64&apos;, os.version: &apos;10.0&apos;, java.version: &apos;1.8.0_181&apos;&#10;Driver info: org.openqa.selenium.chrome.ChromeDriver&#10;Capabilities {acceptInsecureCerts: false, browserName: chrome, browserVersion: 89.0.4389.90, chrome: {chromedriverVersion: 88.0.4324.96 (68dba2d8a0b14..., userDataDir: C:\Users\Vinay\AppData\Loca...}, goog:chromeOptions: {debuggerAddress: localhost:1159}, javascriptEnabled: true, networkConnectionEnabled: false, pageLoadStrategy: normal, platform: WINDOWS, platformName: WINDOWS, proxy: Proxy(), setWindowRect: true, strictFileInteractability: false, timeouts: {implicit: 0, pageLoad: 300000, script: 30000}, unhandledPromptBehavior: dismiss and notify, webauthn:extension:largeBlob: true, webauthn:virtualAuthenticators: true}&#10;Session ID: 94ec684e3288c53a3d0adf526a779efe&#10;*** Element info: {Using=xpath, value=//a[contains(text(),&apos;DEALS&apos;)]}" type="org.openqa.selenium.NoSuchElementException">org.openqa.selenium.NoSuchElementException: 
no such element: Unable to locate element: {"method":"xpath","selector":"//a[contains(text(),'DEALS')]"}
  (Session info: chrome=89.0.4389.90)
For documentation on this error, please visit: https://www.seleniumhq.org/exceptions/no_such_element.html
Build info: version: '3.141.59', revision: 'e82be7d358', time: '2018-11-14T08:17:03'
System info: host: 'LAPTOP-CHVA6T2O', ip: '192.168.56.1', os.name: 'Windows 10', os.arch: 'amd64', os.version: '10.0', java.version: '1.8.0_181'
Driver info: org.openqa.selenium.chrome.ChromeDriver
Capabilities {acceptInsecureCerts: false, browserName: chrome, browserVersion: 89.0.4389.90, chrome: {chromedriverVersion: 88.0.4324.96 (68dba2d8a0b14..., userDataDir: C:\Users\Vinay\AppData\Loca...}, goog:chromeOptions: {debuggerAddress: localhost:1159}, javascriptEnabled: true, networkConnectionEnabled: false, pageLoadStrategy: normal, platform: WINDOWS, platformName: WINDOWS, proxy: Proxy(), setWindowRect: true, strictFileInteractability: false, timeouts: {implicit: 0, pageLoad: 300000, script: 30000}, unhandledPromptBehavior: dismiss and notify, webauthn:extension:largeBlob: true, webauthn:virtualAuthenticators: true}
Session ID: 94ec684e3288c53a3d0adf526a779efe
*** Element info: {Using=xpath, value=//a[contains(text(),'DEALS')]}
	at com.spicejet.qa.testcases.BookingPageTest.setUp(BookingPageTest.java:42)
</failure>
    <system-out><![CDATA[In CHROME 1
Before navigating to: 'https://book.spicejet.com/Login.aspx'
Navigated to:'https://book.spicejet.com/Login.aspx'
Trying to find Element By : By.xpath: //input[@placeholder='Mobile Number']
Found Element By : By.xpath: //input[@placeholder='Mobile Number']
Trying to find Element By : By.xpath: //input[@type='password']
Found Element By : By.xpath: //input[@type='password']
Trying to find Element By : By.xpath: //input[@type='submit']
Found Element By : By.xpath: //input[@type='submit']
Trying to click on: [[ChromeDriver: chrome on WINDOWS (94ec684e3288c53a3d0adf526a779efe)] -> xpath: //input[@type='submit']]
Clicked on: [[ChromeDriver: chrome on WINDOWS (94ec684e3288c53a3d0adf526a779efe)] -> xpath: //input[@type='submit']]
Trying to find Element By : By.xpath: //a[contains(text(),'DEALS')]
Exception occured: org.openqa.selenium.NoSuchElementException: no such element: Unable to locate element: {"method":"xpath","selector":"//a[contains(text(),'DEALS')]"}
  (Session info: chrome=89.0.4389.90)
For documentation on this error, please visit: https://www.seleniumhq.org/exceptions/no_such_element.html
Build info: version: '3.141.59', revision: 'e82be7d358', time: '2018-11-14T08:17:03'
System info: host: 'LAPTOP-CHVA6T2O', ip: '192.168.56.1', os.name: 'Windows 10', os.arch: 'amd64', os.version: '10.0', java.version: '1.8.0_181'
Driver info: org.openqa.selenium.chrome.ChromeDriver
Capabilities {acceptInsecureCerts: false, browserName: chrome, browserVersion: 89.0.4389.90, chrome: {chromedriverVersion: 88.0.4324.96 (68dba2d8a0b14..., userDataDir: C:\Users\Vinay\AppData\Loca...}, goog:chromeOptions: {debuggerAddress: localhost:1159}, javascriptEnabled: true, networkConnectionEnabled: false, pageLoadStrategy: normal, platform: WINDOWS, platformName: WINDOWS, proxy: Proxy(), setWindowRect: true, strictFileInteractability: false, timeouts: {implicit: 0, pageLoad: 300000, script: 30000}, unhandledPromptBehavior: dismiss and notify, webauthn:extension:largeBlob: true, webauthn:virtualAuthenticators: true}
Session ID: 94ec684e3288c53a3d0adf526a779efe
*** Element info: {Using=xpath, value=//a[contains(text(),'DEALS')]}
]]></system-out>
    <system-err><![CDATA[Starting ChromeDriver 88.0.4324.96 (68dba2d8a0b149a1d3afac56fa74648032bcf46b-refs/branch-heads/4324@{#1784}) on port 32582
Only local connections are allowed.
Please see https://chromedriver.chromium.org/security-considerations for suggestions on keeping ChromeDriver safe.
ChromeDriver was started successfully.
[1616774997.966][WARNING]: This version of ChromeDriver has not been tested with Chrome version 89.
Mar 26, 2021 9:39:57 PM org.openqa.selenium.remote.ProtocolHandshake createSession
INFO: Detected dialect: W3C
]]></system-err>
  </testcase>
  <testcase name="tearDown" classname="com.spicejet.qa.testcases.BookingPageTest" time="0">
    <skipped/>
  </testcase>
  <testcase name="getListOfMobiKwikOfferTest" classname="com.spicejet.qa.testcases.DealsPageTest" time="13.491"/>
  <testcase name="bookMobikwikOfferTest" classname="com.spicejet.qa.testcases.DealsPageTest" time="14.8"/>
  <testcase name="loginPageTitleTest" classname="com.spicejet.qa.testcases.LoginPageTest" time="0.05"/>
  <testcase name="logoTest" classname="com.spicejet.qa.testcases.LoginPageTest" time="0.043"/>
  <testcase name="loginTest" classname="com.spicejet.qa.testcases.LoginPageTest" time="17.093"/>
  <testcase name="verifyUserNameTest" classname="com.spicejet.qa.testcases.SMProfilePageTest" time="0.075"/>
  <testcase name="quitDrivers" classname="com.spicejet.qa.testcases.BookingPageTest" time="0">
    <skipped/>
  </testcase>
  <testcase name="quitDrivers" classname="com.spicejet.qa.testcases.DealsPageTest" time="0">
    <skipped/>
  </testcase>
  <testcase name="quitDrivers" classname="com.spicejet.qa.testcases.LoginPageTest" time="0">
    <skipped/>
  </testcase>
  <testcase name="quitDrivers" classname="com.spicejet.qa.testcases.SMProfilePageTest" time="0">
    <skipped/>
  </testcase>
</testsuite>